
> @softchoice-corp/wwt-demo@0.0.0 lint /Users/jamessmirlies/Documents/Sportive/Showcase/apps/demo
> next lint


./app/clubs/page.tsx
19:10  Warning: 'Button' is defined but never used.  @typescript-eslint/no-unused-vars
20:10  Warning: 'ArrowLeftIcon' is defined but never used.  @typescript-eslint/no-unused-vars

./app/clubs/teams/[teamId]/page.tsx
13:20  Warning: 'useMemo' is defined but never used.  @typescript-eslint/no-unused-vars

./app/events/[eventId]/page.tsx
26:3  Warning: 'FlagIcon' is defined but never used.  @typescript-eslint/no-unused-vars
29:3  Warning: 'TicketIcon' is defined but never used.  @typescript-eslint/no-unused-vars
329:10  Warning: 'StatusItem' is defined but never used.  @typescript-eslint/no-unused-vars

./app/style-guide/components/page.tsx
1:8  Warning: 'Link' is defined but never used.  @typescript-eslint/no-unused-vars

./components/club/RegistrationsSection.tsx
12:10  Warning: 'useState' is defined but never used.  @typescript-eslint/no-unused-vars

./components/club/UploadRosterDialog.tsx
156:66  Warning: `"` can be escaped with `&quot;`, `&ldquo;`, `&#34;`, `&rdquo;`.  react/no-unescaped-entities
156:83  Warning: `"` can be escaped with `&quot;`, `&ldquo;`, `&#34;`, `&rdquo;`.  react/no-unescaped-entities

./components/events/RegistrationSummaryCard.tsx
28:3  Warning: 'eventName' is defined but never used.  @typescript-eslint/no-unused-vars
32:3  Warning: 'divisions' is defined but never used.  @typescript-eslint/no-unused-vars

./components/nav-bar.tsx
1:1  Warning: Definition for rule 'jsx-a11y/label-has-associated-control' was not found.  jsx-a11y/label-has-associated-control
36:1  Warning: Definition for rule 'jsx-a11y/label-has-associated-control' was not found.  jsx-a11y/label-has-associated-control
38:1  Warning: Definition for rule 'jsx-a11y/label-has-associated-control' was not found.  jsx-a11y/label-has-associated-control
40:1  Warning: Definition for rule 'jsx-a11y/label-has-associated-control' was not found.  jsx-a11y/label-has-associated-control
42:1  Warning: Definition for rule 'jsx-a11y/label-has-associated-control' was not found.  jsx-a11y/label-has-associated-control
44:1  Warning: Definition for rule 'jsx-a11y/label-has-associated-control' was not found.  jsx-a11y/label-has-associated-control
63:14  Warning: '_' is defined but never used.  @typescript-eslint/no-unused-vars
63:17  Warning: Empty block statement.  no-empty
131:34  Warning: '_' is defined but never used.  @typescript-eslint/no-unused-vars
131:37  Warning: Empty block statement.  no-empty
190:34  Warning: '_' is defined but never used.  @typescript-eslint/no-unused-vars
190:37  Warning: Empty block statement.  no-empty
212:20  Warning: '_' is defined but never used.  @typescript-eslint/no-unused-vars
212:23  Warning: Empty block statement.  no-empty

./components/ui/hero.tsx
10:10  Warning: 'cn' is defined but never used.  @typescript-eslint/no-unused-vars

info  - Need to disable some ESLint rules? Learn more here: https://nextjs.org/docs/app/api-reference/config/eslint#disabling-rules
